Copyright 1986-2017 Xilinx, Inc. All Rights Reserved.
---------------------------------------------------------------------------------------------------------------------
| Tool Version : Vivado v.2017.2 (win64) Build 1909853 Thu Jun 15 18:39:09 MDT 2017
| Date         : Wed Nov  8 18:29:23 2017
| Host         : KAT-B320 running 64-bit major release  (build 9200)
| Command      : report_methodology -file machine_methodology_drc_routed.rpt -rpx machine_methodology_drc_routed.rpx
| Design       : machine
| Device       : xc7a35tcpg236-1
| Speed File   : -1
| Design State : Routed
---------------------------------------------------------------------------------------------------------------------

Report Methodology

Table of Contents
-----------------
1. REPORT SUMMARY
2. REPORT DETAILS

1. REPORT SUMMARY
-----------------
            Netlist: netlist
          Floorplan: design_1
      Design limits: <entire design considered>
             Max violations: <unlimited>
             Violations found: 160
+-----------+----------+-------------------------------+------------+
| Rule      | Severity | Description                   | Violations |
+-----------+----------+-------------------------------+------------+
| TIMING-17 | Warning  | Non-clocked sequential cell   | 68         |
| TIMING-18 | Warning  | Missing input or output delay | 8          |
| TIMING-20 | Warning  | Non-clocked latch             | 84         |
+-----------+----------+-------------------------------+------------+

2. REPORT DETAILS
-----------------
TIMING-17#1 Warning
Non-clocked sequential cell  
The clock pin keboardin/cnt_reg[0]/C is not reached by a timing clock
Related violations: <none>

TIMING-17#2 Warning
Non-clocked sequential cell  
The clock pin keboardin/cnt_reg[1]/C is not reached by a timing clock
Related violations: <none>

TIMING-17#3 Warning
Non-clocked sequential cell  
The clock pin keboardin/cnt_reg[2]/C is not reached by a timing clock
Related violations: <none>

TIMING-17#4 Warning
Non-clocked sequential cell  
The clock pin keboardin/cnt_reg[3]/C is not reached by a timing clock
Related violations: <none>

TIMING-17#5 Warning
Non-clocked sequential cell  
The clock pin keboardin/contar_reg/C is not reached by a timing clock
Related violations: <none>

TIMING-17#6 Warning
Non-clocked sequential cell  
The clock pin keboardin/datacur_reg[0]/C is not reached by a timing clock
Related violations: <none>

TIMING-17#7 Warning
Non-clocked sequential cell  
The clock pin keboardin/datacur_reg[1]/C is not reached by a timing clock
Related violations: <none>

TIMING-17#8 Warning
Non-clocked sequential cell  
The clock pin keboardin/datacur_reg[2]/C is not reached by a timing clock
Related violations: <none>

TIMING-17#9 Warning
Non-clocked sequential cell  
The clock pin keboardin/datacur_reg[3]/C is not reached by a timing clock
Related violations: <none>

TIMING-17#10 Warning
Non-clocked sequential cell  
The clock pin keboardin/datacur_reg[4]/C is not reached by a timing clock
Related violations: <none>

TIMING-17#11 Warning
Non-clocked sequential cell  
The clock pin keboardin/datacur_reg[5]/C is not reached by a timing clock
Related violations: <none>

TIMING-17#12 Warning
Non-clocked sequential cell  
The clock pin keboardin/datacur_reg[6]/C is not reached by a timing clock
Related violations: <none>

TIMING-17#13 Warning
Non-clocked sequential cell  
The clock pin keboardin/datacur_reg[7]/C is not reached by a timing clock
Related violations: <none>

TIMING-17#14 Warning
Non-clocked sequential cell  
The clock pin keboardin/deb2/Iv_reg/C is not reached by a timing clock
Related violations: <none>

TIMING-17#15 Warning
Non-clocked sequential cell  
The clock pin keboardin/deb2/O_reg/C is not reached by a timing clock
Related violations: <none>

TIMING-17#16 Warning
Non-clocked sequential cell  
The clock pin keboardin/deb2/count_reg[0]/C is not reached by a timing clock
Related violations: <none>

TIMING-17#17 Warning
Non-clocked sequential cell  
The clock pin keboardin/deb2/count_reg[1]/C is not reached by a timing clock
Related violations: <none>

TIMING-17#18 Warning
Non-clocked sequential cell  
The clock pin keboardin/deb2/count_reg[2]/C is not reached by a timing clock
Related violations: <none>

TIMING-17#19 Warning
Non-clocked sequential cell  
The clock pin keboardin/deb2/count_reg[3]/C is not reached by a timing clock
Related violations: <none>

TIMING-17#20 Warning
Non-clocked sequential cell  
The clock pin keboardin/deb2/count_reg[4]/C is not reached by a timing clock
Related violations: <none>

TIMING-17#21 Warning
Non-clocked sequential cell  
The clock pin keboardin/flag_reg/C is not reached by a timing clock
Related violations: <none>

TIMING-17#22 Warning
Non-clocked sequential cell  
The clock pin keboardin/flag_x_reg/C is not reached by a timing clock
Related violations: <none>

TIMING-17#23 Warning
Non-clocked sequential cell  
The clock pin keboardin/keycode_reg[0]/C is not reached by a timing clock
Related violations: <none>

TIMING-17#24 Warning
Non-clocked sequential cell  
The clock pin keboardin/keycode_reg[1]/C is not reached by a timing clock
Related violations: <none>

TIMING-17#25 Warning
Non-clocked sequential cell  
The clock pin keboardin/keycode_reg[2]/C is not reached by a timing clock
Related violations: <none>

TIMING-17#26 Warning
Non-clocked sequential cell  
The clock pin keboardin/keycode_reg[3]/C is not reached by a timing clock
Related violations: <none>

TIMING-17#27 Warning
Non-clocked sequential cell  
The clock pin keboardin/keycode_reg[4]/C is not reached by a timing clock
Related violations: <none>

TIMING-17#28 Warning
Non-clocked sequential cell  
The clock pin keboardin/keycode_reg[5]/C is not reached by a timing clock
Related violations: <none>

TIMING-17#29 Warning
Non-clocked sequential cell  
The clock pin keboardin/keycode_reg[6]/C is not reached by a timing clock
Related violations: <none>

TIMING-17#30 Warning
Non-clocked sequential cell  
The clock pin keboardin/keycode_reg[7]/C is not reached by a timing clock
Related violations: <none>

TIMING-17#31 Warning
Non-clocked sequential cell  
The clock pin rst_r_reg/C is not reached by a timing clock
Related violations: <none>

TIMING-17#32 Warning
Non-clocked sequential cell  
The clock pin vgacontroller/HS_reg/C is not reached by a timing clock
Related violations: <none>

TIMING-17#33 Warning
Non-clocked sequential cell  
The clock pin vgacontroller/VS_reg/C is not reached by a timing clock
Related violations: <none>

TIMING-17#34 Warning
Non-clocked sequential cell  
The clock pin vgacontroller/clk_25MHz_reg/C is not reached by a timing clock
Related violations: <none>

TIMING-17#35 Warning
Non-clocked sequential cell  
The clock pin vgacontroller/hcounter_reg[0]/C is not reached by a timing clock
Related violations: <none>

TIMING-17#36 Warning
Non-clocked sequential cell  
The clock pin vgacontroller/hcounter_reg[10]/C is not reached by a timing clock
Related violations: <none>

TIMING-17#37 Warning
Non-clocked sequential cell  
The clock pin vgacontroller/hcounter_reg[1]/C is not reached by a timing clock
Related violations: <none>

TIMING-17#38 Warning
Non-clocked sequential cell  
The clock pin vgacontroller/hcounter_reg[2]/C is not reached by a timing clock
Related violations: <none>

TIMING-17#39 Warning
Non-clocked sequential cell  
The clock pin vgacontroller/hcounter_reg[3]/C is not reached by a timing clock
Related violations: <none>

TIMING-17#40 Warning
Non-clocked sequential cell  
The clock pin vgacontroller/hcounter_reg[4]/C is not reached by a timing clock
Related violations: <none>

TIMING-17#41 Warning
Non-clocked sequential cell  
The clock pin vgacontroller/hcounter_reg[5]/C is not reached by a timing clock
Related violations: <none>

TIMING-17#42 Warning
Non-clocked sequential cell  
The clock pin vgacontroller/hcounter_reg[6]/C is not reached by a timing clock
Related violations: <none>

TIMING-17#43 Warning
Non-clocked sequential cell  
The clock pin vgacontroller/hcounter_reg[7]/C is not reached by a timing clock
Related violations: <none>

TIMING-17#44 Warning
Non-clocked sequential cell  
The clock pin vgacontroller/hcounter_reg[8]/C is not reached by a timing clock
Related violations: <none>

TIMING-17#45 Warning
Non-clocked sequential cell  
The clock pin vgacontroller/hcounter_reg[9]/C is not reached by a timing clock
Related violations: <none>

TIMING-17#46 Warning
Non-clocked sequential cell  
The clock pin vgacontroller/rgb_out_reg[11]/C is not reached by a timing clock
Related violations: <none>

TIMING-17#47 Warning
Non-clocked sequential cell  
The clock pin vgacontroller/rgb_out_reg[11]_lopt_replica/C is not reached by a timing clock
Related violations: <none>

TIMING-17#48 Warning
Non-clocked sequential cell  
The clock pin vgacontroller/rgb_out_reg[11]_lopt_replica_2/C is not reached by a timing clock
Related violations: <none>

TIMING-17#49 Warning
Non-clocked sequential cell  
The clock pin vgacontroller/rgb_out_reg[11]_lopt_replica_3/C is not reached by a timing clock
Related violations: <none>

TIMING-17#50 Warning
Non-clocked sequential cell  
The clock pin vgacontroller/rgb_out_reg[7]/C is not reached by a timing clock
Related violations: <none>

TIMING-17#51 Warning
Non-clocked sequential cell  
The clock pin vgacontroller/rgb_out_reg[7]_lopt_replica/C is not reached by a timing clock
Related violations: <none>

TIMING-17#52 Warning
Non-clocked sequential cell  
The clock pin vgacontroller/rgb_out_reg[7]_lopt_replica_2/C is not reached by a timing clock
Related violations: <none>

TIMING-17#53 Warning
Non-clocked sequential cell  
The clock pin vgacontroller/rgb_out_reg[7]_lopt_replica_3/C is not reached by a timing clock
Related violations: <none>

TIMING-17#54 Warning
Non-clocked sequential cell  
The clock pin vgacontroller/rgb_out_reg[7]_lopt_replica_4/C is not reached by a timing clock
Related violations: <none>

TIMING-17#55 Warning
Non-clocked sequential cell  
The clock pin vgacontroller/rgb_out_reg[7]_lopt_replica_5/C is not reached by a timing clock
Related violations: <none>

TIMING-17#56 Warning
Non-clocked sequential cell  
The clock pin vgacontroller/rgb_out_reg[7]_lopt_replica_6/C is not reached by a timing clock
Related violations: <none>

TIMING-17#57 Warning
Non-clocked sequential cell  
The clock pin vgacontroller/rgb_out_reg[7]_lopt_replica_7/C is not reached by a timing clock
Related violations: <none>

TIMING-17#58 Warning
Non-clocked sequential cell  
The clock pin vgacontroller/vcounter_reg[0]/C is not reached by a timing clock
Related violations: <none>

TIMING-17#59 Warning
Non-clocked sequential cell  
The clock pin vgacontroller/vcounter_reg[10]/C is not reached by a timing clock
Related violations: <none>

TIMING-17#60 Warning
Non-clocked sequential cell  
The clock pin vgacontroller/vcounter_reg[1]/C is not reached by a timing clock
Related violations: <none>

TIMING-17#61 Warning
Non-clocked sequential cell  
The clock pin vgacontroller/vcounter_reg[2]/C is not reached by a timing clock
Related violations: <none>

TIMING-17#62 Warning
Non-clocked sequential cell  
The clock pin vgacontroller/vcounter_reg[3]/C is not reached by a timing clock
Related violations: <none>

TIMING-17#63 Warning
Non-clocked sequential cell  
The clock pin vgacontroller/vcounter_reg[4]/C is not reached by a timing clock
Related violations: <none>

TIMING-17#64 Warning
Non-clocked sequential cell  
The clock pin vgacontroller/vcounter_reg[5]/C is not reached by a timing clock
Related violations: <none>

TIMING-17#65 Warning
Non-clocked sequential cell  
The clock pin vgacontroller/vcounter_reg[6]/C is not reached by a timing clock
Related violations: <none>

TIMING-17#66 Warning
Non-clocked sequential cell  
The clock pin vgacontroller/vcounter_reg[7]/C is not reached by a timing clock
Related violations: <none>

TIMING-17#67 Warning
Non-clocked sequential cell  
The clock pin vgacontroller/vcounter_reg[8]/C is not reached by a timing clock
Related violations: <none>

TIMING-17#68 Warning
Non-clocked sequential cell  
The clock pin vgacontroller/vcounter_reg[9]/C is not reached by a timing clock
Related violations: <none>

TIMING-18#1 Warning
Missing input or output delay  
An output delay is missing on led[0] relative to clock(s) sys_clk_pin 
Related violations: <none>

TIMING-18#2 Warning
Missing input or output delay  
An output delay is missing on led[1] relative to clock(s) sys_clk_pin 
Related violations: <none>

TIMING-18#3 Warning
Missing input or output delay  
An output delay is missing on led[2] relative to clock(s) sys_clk_pin 
Related violations: <none>

TIMING-18#4 Warning
Missing input or output delay  
An output delay is missing on led[3] relative to clock(s) sys_clk_pin 
Related violations: <none>

TIMING-18#5 Warning
Missing input or output delay  
An output delay is missing on led[4] relative to clock(s) sys_clk_pin 
Related violations: <none>

TIMING-18#6 Warning
Missing input or output delay  
An output delay is missing on led[5] relative to clock(s) sys_clk_pin 
Related violations: <none>

TIMING-18#7 Warning
Missing input or output delay  
An output delay is missing on led[6] relative to clock(s) sys_clk_pin 
Related violations: <none>

TIMING-18#8 Warning
Missing input or output delay  
An output delay is missing on led[7] relative to clock(s) sys_clk_pin 
Related violations: <none>

TIMING-20#1 Warning
Non-clocked latch  
The latch clk1hz_reg cannot be properly analyzed as its control pin clk1hz_reg/G is not reached by a timing clock
Related violations: <none>

TIMING-20#2 Warning
Non-clocked latch  
The latch states_machine1/FSM_sequential_state_f_reg[0] cannot be properly analyzed as its control pin states_machine1/FSM_sequential_state_f_reg[0]/G is not reached by a timing clock
Related violations: <none>

TIMING-20#3 Warning
Non-clocked latch  
The latch states_machine1/FSM_sequential_state_f_reg[1] cannot be properly analyzed as its control pin states_machine1/FSM_sequential_state_f_reg[1]/G is not reached by a timing clock
Related violations: <none>

TIMING-20#4 Warning
Non-clocked latch  
The latch states_machine1/FSM_sequential_state_f_reg[2] cannot be properly analyzed as its control pin states_machine1/FSM_sequential_state_f_reg[2]/G is not reached by a timing clock
Related violations: <none>

TIMING-20#5 Warning
Non-clocked latch  
The latch states_machine1/FSM_sequential_state_f_reg[3] cannot be properly analyzed as its control pin states_machine1/FSM_sequential_state_f_reg[3]/G is not reached by a timing clock
Related violations: <none>

TIMING-20#6 Warning
Non-clocked latch  
The latch states_machine1/data11_reg[0] cannot be properly analyzed as its control pin states_machine1/data11_reg[0]/G is not reached by a timing clock
Related violations: <none>

TIMING-20#7 Warning
Non-clocked latch  
The latch states_machine1/data11_reg[1] cannot be properly analyzed as its control pin states_machine1/data11_reg[1]/G is not reached by a timing clock
Related violations: <none>

TIMING-20#8 Warning
Non-clocked latch  
The latch states_machine1/data11_reg[2] cannot be properly analyzed as its control pin states_machine1/data11_reg[2]/G is not reached by a timing clock
Related violations: <none>

TIMING-20#9 Warning
Non-clocked latch  
The latch states_machine1/data11_reg[3] cannot be properly analyzed as its control pin states_machine1/data11_reg[3]/G is not reached by a timing clock
Related violations: <none>

TIMING-20#10 Warning
Non-clocked latch  
The latch states_machine1/data11_reg[4] cannot be properly analyzed as its control pin states_machine1/data11_reg[4]/G is not reached by a timing clock
Related violations: <none>

TIMING-20#11 Warning
Non-clocked latch  
The latch states_machine1/data11_reg[5] cannot be properly analyzed as its control pin states_machine1/data11_reg[5]/G is not reached by a timing clock
Related violations: <none>

TIMING-20#12 Warning
Non-clocked latch  
The latch states_machine1/data11_reg[6] cannot be properly analyzed as its control pin states_machine1/data11_reg[6]/G is not reached by a timing clock
Related violations: <none>

TIMING-20#13 Warning
Non-clocked latch  
The latch states_machine1/data11_reg[7] cannot be properly analyzed as its control pin states_machine1/data11_reg[7]/G is not reached by a timing clock
Related violations: <none>

TIMING-20#14 Warning
Non-clocked latch  
The latch states_machine1/data12_reg[0] cannot be properly analyzed as its control pin states_machine1/data12_reg[0]/G is not reached by a timing clock
Related violations: <none>

TIMING-20#15 Warning
Non-clocked latch  
The latch states_machine1/data12_reg[1] cannot be properly analyzed as its control pin states_machine1/data12_reg[1]/G is not reached by a timing clock
Related violations: <none>

TIMING-20#16 Warning
Non-clocked latch  
The latch states_machine1/data12_reg[2] cannot be properly analyzed as its control pin states_machine1/data12_reg[2]/G is not reached by a timing clock
Related violations: <none>

TIMING-20#17 Warning
Non-clocked latch  
The latch states_machine1/data12_reg[3] cannot be properly analyzed as its control pin states_machine1/data12_reg[3]/G is not reached by a timing clock
Related violations: <none>

TIMING-20#18 Warning
Non-clocked latch  
The latch states_machine1/data12_reg[4] cannot be properly analyzed as its control pin states_machine1/data12_reg[4]/G is not reached by a timing clock
Related violations: <none>

TIMING-20#19 Warning
Non-clocked latch  
The latch states_machine1/data12_reg[5] cannot be properly analyzed as its control pin states_machine1/data12_reg[5]/G is not reached by a timing clock
Related violations: <none>

TIMING-20#20 Warning
Non-clocked latch  
The latch states_machine1/data12_reg[6] cannot be properly analyzed as its control pin states_machine1/data12_reg[6]/G is not reached by a timing clock
Related violations: <none>

TIMING-20#21 Warning
Non-clocked latch  
The latch states_machine1/data12_reg[7] cannot be properly analyzed as its control pin states_machine1/data12_reg[7]/G is not reached by a timing clock
Related violations: <none>

TIMING-20#22 Warning
Non-clocked latch  
The latch states_machine1/data13_reg[0] cannot be properly analyzed as its control pin states_machine1/data13_reg[0]/G is not reached by a timing clock
Related violations: <none>

TIMING-20#23 Warning
Non-clocked latch  
The latch states_machine1/data13_reg[1] cannot be properly analyzed as its control pin states_machine1/data13_reg[1]/G is not reached by a timing clock
Related violations: <none>

TIMING-20#24 Warning
Non-clocked latch  
The latch states_machine1/data13_reg[2] cannot be properly analyzed as its control pin states_machine1/data13_reg[2]/G is not reached by a timing clock
Related violations: <none>

TIMING-20#25 Warning
Non-clocked latch  
The latch states_machine1/data13_reg[3] cannot be properly analyzed as its control pin states_machine1/data13_reg[3]/G is not reached by a timing clock
Related violations: <none>

TIMING-20#26 Warning
Non-clocked latch  
The latch states_machine1/data13_reg[4] cannot be properly analyzed as its control pin states_machine1/data13_reg[4]/G is not reached by a timing clock
Related violations: <none>

TIMING-20#27 Warning
Non-clocked latch  
The latch states_machine1/data13_reg[5] cannot be properly analyzed as its control pin states_machine1/data13_reg[5]/G is not reached by a timing clock
Related violations: <none>

TIMING-20#28 Warning
Non-clocked latch  
The latch states_machine1/data13_reg[6] cannot be properly analyzed as its control pin states_machine1/data13_reg[6]/G is not reached by a timing clock
Related violations: <none>

TIMING-20#29 Warning
Non-clocked latch  
The latch states_machine1/data13_reg[7] cannot be properly analyzed as its control pin states_machine1/data13_reg[7]/G is not reached by a timing clock
Related violations: <none>

TIMING-20#30 Warning
Non-clocked latch  
The latch states_machine1/data14_reg[0] cannot be properly analyzed as its control pin states_machine1/data14_reg[0]/G is not reached by a timing clock
Related violations: <none>

TIMING-20#31 Warning
Non-clocked latch  
The latch states_machine1/data14_reg[1] cannot be properly analyzed as its control pin states_machine1/data14_reg[1]/G is not reached by a timing clock
Related violations: <none>

TIMING-20#32 Warning
Non-clocked latch  
The latch states_machine1/data14_reg[2] cannot be properly analyzed as its control pin states_machine1/data14_reg[2]/G is not reached by a timing clock
Related violations: <none>

TIMING-20#33 Warning
Non-clocked latch  
The latch states_machine1/data14_reg[3] cannot be properly analyzed as its control pin states_machine1/data14_reg[3]/G is not reached by a timing clock
Related violations: <none>

TIMING-20#34 Warning
Non-clocked latch  
The latch states_machine1/data14_reg[4] cannot be properly analyzed as its control pin states_machine1/data14_reg[4]/G is not reached by a timing clock
Related violations: <none>

TIMING-20#35 Warning
Non-clocked latch  
The latch states_machine1/data14_reg[5] cannot be properly analyzed as its control pin states_machine1/data14_reg[5]/G is not reached by a timing clock
Related violations: <none>

TIMING-20#36 Warning
Non-clocked latch  
The latch states_machine1/data14_reg[6] cannot be properly analyzed as its control pin states_machine1/data14_reg[6]/G is not reached by a timing clock
Related violations: <none>

TIMING-20#37 Warning
Non-clocked latch  
The latch states_machine1/data14_reg[7] cannot be properly analyzed as its control pin states_machine1/data14_reg[7]/G is not reached by a timing clock
Related violations: <none>

TIMING-20#38 Warning
Non-clocked latch  
The latch states_machine1/data21_reg[0] cannot be properly analyzed as its control pin states_machine1/data21_reg[0]/G is not reached by a timing clock
Related violations: <none>

TIMING-20#39 Warning
Non-clocked latch  
The latch states_machine1/data21_reg[1] cannot be properly analyzed as its control pin states_machine1/data21_reg[1]/G is not reached by a timing clock
Related violations: <none>

TIMING-20#40 Warning
Non-clocked latch  
The latch states_machine1/data21_reg[2] cannot be properly analyzed as its control pin states_machine1/data21_reg[2]/G is not reached by a timing clock
Related violations: <none>

TIMING-20#41 Warning
Non-clocked latch  
The latch states_machine1/data21_reg[3] cannot be properly analyzed as its control pin states_machine1/data21_reg[3]/G is not reached by a timing clock
Related violations: <none>

TIMING-20#42 Warning
Non-clocked latch  
The latch states_machine1/data21_reg[4] cannot be properly analyzed as its control pin states_machine1/data21_reg[4]/G is not reached by a timing clock
Related violations: <none>

TIMING-20#43 Warning
Non-clocked latch  
The latch states_machine1/data21_reg[5] cannot be properly analyzed as its control pin states_machine1/data21_reg[5]/G is not reached by a timing clock
Related violations: <none>

TIMING-20#44 Warning
Non-clocked latch  
The latch states_machine1/data21_reg[6] cannot be properly analyzed as its control pin states_machine1/data21_reg[6]/G is not reached by a timing clock
Related violations: <none>

TIMING-20#45 Warning
Non-clocked latch  
The latch states_machine1/data21_reg[7] cannot be properly analyzed as its control pin states_machine1/data21_reg[7]/G is not reached by a timing clock
Related violations: <none>

TIMING-20#46 Warning
Non-clocked latch  
The latch states_machine1/data22_reg[0] cannot be properly analyzed as its control pin states_machine1/data22_reg[0]/G is not reached by a timing clock
Related violations: <none>

TIMING-20#47 Warning
Non-clocked latch  
The latch states_machine1/data22_reg[1] cannot be properly analyzed as its control pin states_machine1/data22_reg[1]/G is not reached by a timing clock
Related violations: <none>

TIMING-20#48 Warning
Non-clocked latch  
The latch states_machine1/data22_reg[2] cannot be properly analyzed as its control pin states_machine1/data22_reg[2]/G is not reached by a timing clock
Related violations: <none>

TIMING-20#49 Warning
Non-clocked latch  
The latch states_machine1/data22_reg[3] cannot be properly analyzed as its control pin states_machine1/data22_reg[3]/G is not reached by a timing clock
Related violations: <none>

TIMING-20#50 Warning
Non-clocked latch  
The latch states_machine1/data22_reg[4] cannot be properly analyzed as its control pin states_machine1/data22_reg[4]/G is not reached by a timing clock
Related violations: <none>

TIMING-20#51 Warning
Non-clocked latch  
The latch states_machine1/data22_reg[5] cannot be properly analyzed as its control pin states_machine1/data22_reg[5]/G is not reached by a timing clock
Related violations: <none>

TIMING-20#52 Warning
Non-clocked latch  
The latch states_machine1/data22_reg[6] cannot be properly analyzed as its control pin states_machine1/data22_reg[6]/G is not reached by a timing clock
Related violations: <none>

TIMING-20#53 Warning
Non-clocked latch  
The latch states_machine1/data22_reg[7] cannot be properly analyzed as its control pin states_machine1/data22_reg[7]/G is not reached by a timing clock
Related violations: <none>

TIMING-20#54 Warning
Non-clocked latch  
The latch states_machine1/data23_reg[0] cannot be properly analyzed as its control pin states_machine1/data23_reg[0]/G is not reached by a timing clock
Related violations: <none>

TIMING-20#55 Warning
Non-clocked latch  
The latch states_machine1/data23_reg[1] cannot be properly analyzed as its control pin states_machine1/data23_reg[1]/G is not reached by a timing clock
Related violations: <none>

TIMING-20#56 Warning
Non-clocked latch  
The latch states_machine1/data23_reg[2] cannot be properly analyzed as its control pin states_machine1/data23_reg[2]/G is not reached by a timing clock
Related violations: <none>

TIMING-20#57 Warning
Non-clocked latch  
The latch states_machine1/data23_reg[3] cannot be properly analyzed as its control pin states_machine1/data23_reg[3]/G is not reached by a timing clock
Related violations: <none>

TIMING-20#58 Warning
Non-clocked latch  
The latch states_machine1/data23_reg[4] cannot be properly analyzed as its control pin states_machine1/data23_reg[4]/G is not reached by a timing clock
Related violations: <none>

TIMING-20#59 Warning
Non-clocked latch  
The latch states_machine1/data23_reg[5] cannot be properly analyzed as its control pin states_machine1/data23_reg[5]/G is not reached by a timing clock
Related violations: <none>

TIMING-20#60 Warning
Non-clocked latch  
The latch states_machine1/data23_reg[6] cannot be properly analyzed as its control pin states_machine1/data23_reg[6]/G is not reached by a timing clock
Related violations: <none>

TIMING-20#61 Warning
Non-clocked latch  
The latch states_machine1/data23_reg[7] cannot be properly analyzed as its control pin states_machine1/data23_reg[7]/G is not reached by a timing clock
Related violations: <none>

TIMING-20#62 Warning
Non-clocked latch  
The latch states_machine1/data24_reg[0] cannot be properly analyzed as its control pin states_machine1/data24_reg[0]/G is not reached by a timing clock
Related violations: <none>

TIMING-20#63 Warning
Non-clocked latch  
The latch states_machine1/data24_reg[1] cannot be properly analyzed as its control pin states_machine1/data24_reg[1]/G is not reached by a timing clock
Related violations: <none>

TIMING-20#64 Warning
Non-clocked latch  
The latch states_machine1/data24_reg[2] cannot be properly analyzed as its control pin states_machine1/data24_reg[2]/G is not reached by a timing clock
Related violations: <none>

TIMING-20#65 Warning
Non-clocked latch  
The latch states_machine1/data24_reg[3] cannot be properly analyzed as its control pin states_machine1/data24_reg[3]/G is not reached by a timing clock
Related violations: <none>

TIMING-20#66 Warning
Non-clocked latch  
The latch states_machine1/data24_reg[4] cannot be properly analyzed as its control pin states_machine1/data24_reg[4]/G is not reached by a timing clock
Related violations: <none>

TIMING-20#67 Warning
Non-clocked latch  
The latch states_machine1/data24_reg[5] cannot be properly analyzed as its control pin states_machine1/data24_reg[5]/G is not reached by a timing clock
Related violations: <none>

TIMING-20#68 Warning
Non-clocked latch  
The latch states_machine1/data24_reg[6] cannot be properly analyzed as its control pin states_machine1/data24_reg[6]/G is not reached by a timing clock
Related violations: <none>

TIMING-20#69 Warning
Non-clocked latch  
The latch states_machine1/data24_reg[7] cannot be properly analyzed as its control pin states_machine1/data24_reg[7]/G is not reached by a timing clock
Related violations: <none>

TIMING-20#70 Warning
Non-clocked latch  
The latch states_machine1/posx_reg[2] cannot be properly analyzed as its control pin states_machine1/posx_reg[2]/G is not reached by a timing clock
Related violations: <none>

TIMING-20#71 Warning
Non-clocked latch  
The latch states_machine1/posx_reg[3] cannot be properly analyzed as its control pin states_machine1/posx_reg[3]/G is not reached by a timing clock
Related violations: <none>

TIMING-20#72 Warning
Non-clocked latch  
The latch states_machine1/posx_reg[5] cannot be properly analyzed as its control pin states_machine1/posx_reg[5]/G is not reached by a timing clock
Related violations: <none>

TIMING-20#73 Warning
Non-clocked latch  
The latch states_machine1/posx_reg[6] cannot be properly analyzed as its control pin states_machine1/posx_reg[6]/G is not reached by a timing clock
Related violations: <none>

TIMING-20#74 Warning
Non-clocked latch  
The latch states_machine1/posx_reg[7] cannot be properly analyzed as its control pin states_machine1/posx_reg[7]/G is not reached by a timing clock
Related violations: <none>

TIMING-20#75 Warning
Non-clocked latch  
The latch states_machine1/posx_reg[8] cannot be properly analyzed as its control pin states_machine1/posx_reg[8]/G is not reached by a timing clock
Related violations: <none>

TIMING-20#76 Warning
Non-clocked latch  
The latch states_machine1/posy_reg[6] cannot be properly analyzed as its control pin states_machine1/posy_reg[6]/G is not reached by a timing clock
Related violations: <none>

TIMING-20#77 Warning
Non-clocked latch  
The latch states_machine1/value_reg[0] cannot be properly analyzed as its control pin states_machine1/value_reg[0]/G is not reached by a timing clock
Related violations: <none>

TIMING-20#78 Warning
Non-clocked latch  
The latch states_machine1/value_reg[1] cannot be properly analyzed as its control pin states_machine1/value_reg[1]/G is not reached by a timing clock
Related violations: <none>

TIMING-20#79 Warning
Non-clocked latch  
The latch states_machine1/value_reg[2] cannot be properly analyzed as its control pin states_machine1/value_reg[2]/G is not reached by a timing clock
Related violations: <none>

TIMING-20#80 Warning
Non-clocked latch  
The latch states_machine1/value_reg[3] cannot be properly analyzed as its control pin states_machine1/value_reg[3]/G is not reached by a timing clock
Related violations: <none>

TIMING-20#81 Warning
Non-clocked latch  
The latch states_machine1/value_reg[4] cannot be properly analyzed as its control pin states_machine1/value_reg[4]/G is not reached by a timing clock
Related violations: <none>

TIMING-20#82 Warning
Non-clocked latch  
The latch states_machine1/value_reg[5] cannot be properly analyzed as its control pin states_machine1/value_reg[5]/G is not reached by a timing clock
Related violations: <none>

TIMING-20#83 Warning
Non-clocked latch  
The latch states_machine1/value_reg[6] cannot be properly analyzed as its control pin states_machine1/value_reg[6]/G is not reached by a timing clock
Related violations: <none>

TIMING-20#84 Warning
Non-clocked latch  
The latch states_machine1/value_reg[7] cannot be properly analyzed as its control pin states_machine1/value_reg[7]/G is not reached by a timing clock
Related violations: <none>


